2016-10-19 18:14:33.694145 Server/Main.cc:304 in main() NOTICE[23881:evloop]: jef-1 Using config file ./config/logcabin-1.conf
2016-10-19 18:14:33.694338 Server/Main.cc:344 in main() NOTICE[23881:evloop]: jef-2 Config file settings:
# begin config
electionTimeoutMilliseconds = 12000
listenAddresses = 127.0.0.1:5255
serverId = 1
# end config
2016-10-19 18:14:33.694463 Server/Globals.cc:178 in init() NOTICE[1:evloop]: jef-3 Serving on 127.0.0.1:5255 (resolved to 127.0.0.1:5255)
2016-10-19 18:14:33.694472 Server/RaftConsensus.cc:1061 in init() NOTICE[1:evloop]: jef-4 My server ID is 1
2016-10-19 18:14:33.694506 Server/RaftConsensus.cc:1073 in init() NOTICE[1:evloop]: jef-5 Reading the log
2016-10-19 18:14:33.694612 Storage/SegmentedLog.cc:899 in readMetadata() NOTICE[1:evloop]: jef-6 Read metadata version 3 from metadata1
2016-10-19 18:14:33.694637 Storage/SegmentedLog.cc:899 in readMetadata() NOTICE[1:evloop]: jef-6 Read metadata version 2 from metadata2
2016-10-19 18:14:33.694646 Storage/SegmentedLog.cc:779 in updateMetadata() NOTICE[1:evloop]: jef-7 Writing new storage metadata (version 4) to metadata2
2016-10-19 18:14:33.700252 Storage/SegmentedLog.cc:779 in updateMetadata() NOTICE[1:evloop]: jef-7 Writing new storage metadata (version 5) to metadata1
2016-10-19 18:14:33.806310 Storage/SegmentedLog.cc:1023 in loadOpenSegment() WARNING[1:evloop]: Truncating 8388607 zero bytes at the end of log segment open-1 (1 bytes into the segment, following  entry 0). This is most likely because the server shutdown uncleanly.
2016-10-19 18:14:33.818990 Storage/SegmentedLog.cc:1046 in loadOpenSegment() NOTICE[1:evloop]: Removing empty segment: open-1
2016-10-19 18:14:33.875689 Storage/SegmentedLog.cc:1023 in loadOpenSegment() WARNING[1:evloop]: Truncating 8388607 zero bytes at the end of log segment open-2 (1 bytes into the segment, following  entry 0). This is most likely because the server shutdown uncleanly.
2016-10-19 18:14:33.880329 Storage/SegmentedLog.cc:1046 in loadOpenSegment() NOTICE[1:evloop]: Removing empty segment: open-2
2016-10-19 18:14:33.931689 Storage/SegmentedLog.cc:1023 in loadOpenSegment() WARNING[1:evloop]: Truncating 8388607 zero bytes at the end of log segment open-3 (1 bytes into the segment, following  entry 0). This is most likely because the server shutdown uncleanly.
2016-10-19 18:14:33.934882 Storage/SegmentedLog.cc:1046 in loadOpenSegment() NOTICE[1:evloop]: Removing empty segment: open-3
2016-10-19 18:14:33.984179 Storage/SegmentedLog.cc:1023 in loadOpenSegment() WARNING[1:evloop]: Truncating 8388607 zero bytes at the end of log segment open-4 (1 bytes into the segment, following  entry 0). This is most likely because the server shutdown uncleanly.
2016-10-19 18:14:33.990878 Storage/SegmentedLog.cc:1046 in loadOpenSegment() NOTICE[1:evloop]: Removing empty segment: open-4
2016-10-19 18:14:34.022065 Server/RaftConsensus.cc:1098 in init() NOTICE[1:evloop]: jef-10 The log contains indexes 1 through 0 (inclusive)
2016-10-19 18:14:34.022097 Storage/SegmentedLog.cc:779 in updateMetadata() NOTICE[1:evloop]: jef-7 Writing new storage metadata (version 6) to metadata2
2016-10-19 18:14:34.026856 Server/RaftConsensus.cc:2751 in readSnapshot() NOTICE[1:evloop]: jef-11 Snapshot file not found in storage/server1/snapshot
2016-10-19 18:14:34.026898 Server/RaftConsensus.cc:1116 in init() NOTICE[1:evloop]: No configuration, waiting to receive one.
2016-10-19 18:14:34.026902 Server/RaftConsensus.cc:3041 in stepDown() NOTICE[1:evloop]: --- stepDown currentTerm:0, newTerm:0 ---
2016-10-19 18:14:34.026905 Server/RaftConsensus.cc:3059 in stepDown() NOTICE[1:evloop]: [JEFF] no update on currentTerm: 0
2016-10-19 18:14:34.029173 Server/EventInterceptor.cc:78 in commitEvent() NOTICE[1:evloop]: [Jef] mv /tmp/ipc/new/raftUpdate-1 /tmp/ipc/send/raftUpdate-1
2016-10-19 18:14:34.029214 Server/RaftConsensus.cc:2962 in setElectionTimer() NOTICE[1:evloop]: Will become candidate in 12 s
2016-10-19 18:14:34.029448 Server/RaftConsensus.cc:2987 in printElectionState() NOTICE[1:evloop]: jef-12 server=1, term=0, state=FOLLOWER,  leader=0, vote=0
2016-10-19 18:14:46.029609 Server/RaftConsensus.cc:2962 in setElectionTimer() NOTICE[1:startNewElection]: Will become candidate in 12 s
2016-10-19 18:14:58.030111 Server/RaftConsensus.cc:2962 in setElectionTimer() NOTICE[1:startNewElection]: Will become candidate in 12 s
2016-10-19 18:15:10.030805 Server/RaftConsensus.cc:2962 in setElectionTimer() NOTICE[1:startNewElection]: Will become candidate in 12 s
2016-10-19 18:15:22.031229 Server/RaftConsensus.cc:2962 in setElectionTimer() NOTICE[1:startNewElection]: Will become candidate in 12 s
2016-10-19 18:15:33.695602 Server/ServerStats.cc:148 in dumpToDebugLog() NOTICE[1:StatsDumper]: jef-30 ServerStats:
server_id: 1
addresses: "127.0.0.1:5255"
start_at: 1476900933694798692
end_at: 1476900933694872931
raft {
  current_term: 0
  state: FOLLOWER
  commit_index: 0
  last_log_index: 0
  leader_id: 0
  voted_for: 0
  start_election_at: 1476900934031345887
  withhold_votes_until: -7746529206818130053
  cluster_time: 60000468408
  cluster_time_epoch: 0
  last_snapshot_index: 0
  last_snapshot_bytes: 0
  log_start_index: 1
  log_bytes: 1
  last_snapshot_term: 0
  last_snapshot_cluster_time: 0
  num_entries_truncated: 0
  peer {
    server_id: 1
    addresses: ""
    old_member: false
    new_member: false
    staging_member: false
  }
}
storage {
  num_segments: 1
  open_segment_bytes: 1
  metadata_version: 6
  metadata_write_nanos {
    average: 4152092.6666666665
    count: 3
    ewma2: 4199590.75
    ewma4: 4703212.0625
    exceptional_count: 0
    last: 4342085
    min: 2524114
    max: 5590079
    sum: 12456278
    stddev: 1258864.0806564023
  }
  filesystem_ops_nanos {
    count: 0
    exceptional_count: 0
  }
}
state_machine {
  snapshotting: false
  last_applied: 0
  num_sessions: 0
  num_snapshots_attempted: 0
  num_snapshots_failed: 0
  num_redundant_advance_version_entries: 0
  num_rejected_advance_version_entries: 0
  num_successful_advance_version_entries: 0
  num_total_advance_version_entries: 0
  min_supported_version: 1
  max_supported_version: 2
  running_version: 1
  tree {
    num_conditions_checked: 0
    num_conditions_failed: 0
    num_make_directory_attempted: 0
    num_make_directory_success: 0
    num_list_directory_attempted: 0
    num_list_directory_success: 0
    num_remove_directory_attempted: 0
    num_remove_directory_parent_not_found: 0
    num_remove_directory_target_not_found: 0
    num_remove_directory_done: 0
    num_remove_directory_success: 0
    num_write_attempted: 0
    num_write_success: 0
    num_read_attempted: 0
    num_read_success: 0
    num_remove_file_attempted: 0
    num_remove_file_parent_not_found: 0
    num_remove_file_target_not_found: 0
    num_remove_file_done: 0
    num_remove_file_success: 0
  }
  num_unknown_requests: 0
  may_snapshot_at: -7746529206818130203
}

2016-10-19 18:15:34.032249 Server/RaftConsensus.cc:2962 in setElectionTimer() NOTICE[1:startNewElection]: Will become candidate in 12 s
2016-10-19 18:15:46.032696 Server/RaftConsensus.cc:2962 in setElectionTimer() NOTICE[1:startNewElection]: Will become candidate in 12 s
2016-10-19 18:15:56.867334 Server/Globals.cc:47 in handleSignalEvent() NOTICE[1:evloop]: Terminated: shutting down
2016-10-19 18:15:56.867379 Server/ServerStats.cc:199 in statsDumperMain() NOTICE[1:StatsDumper]: Shutting down
2016-10-19 18:15:56.867452 Server/StateMachine.cc:108 in ~StateMachine() NOTICE[1:evloop]: Shutting down
2016-10-19 18:15:56.867459 Server/RaftConsensus.cc:1143 in exit() NOTICE[1:evloop]: Shutting down
2016-10-19 18:15:56.867485 Server/RaftConsensus.cc:2058 in stateMachineUpdaterThreadMain() NOTICE[1:StateMachineUpdater]: Exiting
2016-10-19 18:15:56.867636 Server/StateMachine.cc:415 in applyThreadMain() NOTICE[1:StateMachine]: exiting
2016-10-19 18:15:56.867668 Server/StateMachine.cc:117 in ~StateMachine() NOTICE[1:evloop]: Joined with threads
2016-10-19 18:15:56.867700 Server/RaftConsensus.cc:1034 in ~RaftConsensus() NOTICE[1:evloop]: Joined with disk and timer threads
2016-10-19 18:15:56.867707 Server/RaftConsensus.cc:1041 in ~RaftConsensus() NOTICE[1:evloop]: Peer threads have exited
2016-10-19 18:15:56.867717 Server/RaftConsensus.cc:1048 in ~RaftConsensus() NOTICE[1:evloop]: Completed disk writes
2016-10-19 18:15:56.867727 Storage/SegmentedLog.cc:468 in ~SegmentedLog() NOTICE[1:evloop]: Closing open segment
2016-10-19 18:15:56.867732 Storage/SegmentedLog.cc:1142 in closeSegment() NOTICE[1:evloop]: Removing empty open segment (start index 1): open-5
2016-10-19 18:15:56.870471 Storage/SegmentedLog.cc:479 in ~SegmentedLog() NOTICE[1:evloop]: Removing unused open segment: open-6
2016-10-19 18:15:56.870540 Storage/SegmentedLog.cc:479 in ~SegmentedLog() NOTICE[1:evloop]: Removing unused open segment: open-7
2016-10-19 18:15:56.870558 Storage/SegmentedLog.cc:479 in ~SegmentedLog() NOTICE[1:evloop]: Removing unused open segment: open-8
