2016-10-19 18:14:33.697497 Server/Main.cc:304 in main() NOTICE[23882:evloop]: jef-1 Using config file ./config/logcabin-2.conf
2016-10-19 18:14:33.697698 Server/Main.cc:344 in main() NOTICE[23882:evloop]: jef-2 Config file settings:
# begin config
electionTimeoutMilliseconds = 12000
listenAddresses = 127.0.0.1:5256
serverId = 2
# end config
2016-10-19 18:14:33.697825 Server/Globals.cc:178 in init() NOTICE[2:evloop]: jef-3 Serving on 127.0.0.1:5256 (resolved to 127.0.0.1:5256)
2016-10-19 18:14:33.697834 Server/RaftConsensus.cc:1061 in init() NOTICE[2:evloop]: jef-4 My server ID is 2
2016-10-19 18:14:33.697867 Server/RaftConsensus.cc:1073 in init() NOTICE[2:evloop]: jef-5 Reading the log
2016-10-19 18:14:33.697972 Storage/SegmentedLog.cc:899 in readMetadata() NOTICE[2:evloop]: jef-6 Read metadata version 3 from metadata1
2016-10-19 18:14:33.697997 Storage/SegmentedLog.cc:899 in readMetadata() NOTICE[2:evloop]: jef-6 Read metadata version 2 from metadata2
2016-10-19 18:14:33.698007 Storage/SegmentedLog.cc:779 in updateMetadata() NOTICE[2:evloop]: jef-7 Writing new storage metadata (version 4) to metadata2
2016-10-19 18:14:33.700467 Storage/SegmentedLog.cc:779 in updateMetadata() NOTICE[2:evloop]: jef-7 Writing new storage metadata (version 5) to metadata1
2016-10-19 18:14:33.811928 Storage/SegmentedLog.cc:1023 in loadOpenSegment() WARNING[2:evloop]: Truncating 8388607 zero bytes at the end of log segment open-1 (1 bytes into the segment, following  entry 0). This is most likely because the server shutdown uncleanly.
2016-10-19 18:14:33.819942 Storage/SegmentedLog.cc:1046 in loadOpenSegment() NOTICE[2:evloop]: Removing empty segment: open-1
2016-10-19 18:14:33.877261 Storage/SegmentedLog.cc:1023 in loadOpenSegment() WARNING[2:evloop]: Truncating 8388607 zero bytes at the end of log segment open-2 (1 bytes into the segment, following  entry 0). This is most likely because the server shutdown uncleanly.
2016-10-19 18:14:33.880720 Storage/SegmentedLog.cc:1046 in loadOpenSegment() NOTICE[2:evloop]: Removing empty segment: open-2
2016-10-19 18:14:33.928141 Storage/SegmentedLog.cc:1023 in loadOpenSegment() WARNING[2:evloop]: Truncating 8388607 zero bytes at the end of log segment open-3 (1 bytes into the segment, following  entry 0). This is most likely because the server shutdown uncleanly.
2016-10-19 18:14:33.934794 Storage/SegmentedLog.cc:1046 in loadOpenSegment() NOTICE[2:evloop]: Removing empty segment: open-3
2016-10-19 18:14:33.979437 Storage/SegmentedLog.cc:1023 in loadOpenSegment() WARNING[2:evloop]: Truncating 8388607 zero bytes at the end of log segment open-4 (1 bytes into the segment, following  entry 0). This is most likely because the server shutdown uncleanly.
2016-10-19 18:14:33.984366 Storage/SegmentedLog.cc:1046 in loadOpenSegment() NOTICE[2:evloop]: Removing empty segment: open-4
2016-10-19 18:14:33.990750 Server/RaftConsensus.cc:1098 in init() NOTICE[2:evloop]: jef-10 The log contains indexes 1 through 0 (inclusive)
2016-10-19 18:14:33.990777 Storage/SegmentedLog.cc:779 in updateMetadata() NOTICE[2:evloop]: jef-7 Writing new storage metadata (version 6) to metadata2
2016-10-19 18:14:33.999233 Server/RaftConsensus.cc:2751 in readSnapshot() NOTICE[2:evloop]: jef-11 Snapshot file not found in storage/server2/snapshot
2016-10-19 18:14:33.999297 Server/RaftConsensus.cc:1116 in init() NOTICE[2:evloop]: No configuration, waiting to receive one.
2016-10-19 18:14:33.999303 Server/RaftConsensus.cc:3041 in stepDown() NOTICE[2:evloop]: --- stepDown currentTerm:0, newTerm:0 ---
2016-10-19 18:14:33.999307 Server/RaftConsensus.cc:3059 in stepDown() NOTICE[2:evloop]: [JEFF] no update on currentTerm: 0
2016-10-19 18:14:34.001047 Server/EventInterceptor.cc:78 in commitEvent() NOTICE[2:evloop]: [Jef] mv /tmp/ipc/new/raftUpdate-2 /tmp/ipc/send/raftUpdate-2
2016-10-19 18:14:34.001087 Server/RaftConsensus.cc:2962 in setElectionTimer() NOTICE[2:evloop]: Will become candidate in 12 s
2016-10-19 18:14:34.001339 Server/RaftConsensus.cc:2987 in printElectionState() NOTICE[2:evloop]: jef-12 server=2, term=0, state=FOLLOWER,  leader=0, vote=0
2016-10-19 18:14:46.001450 Server/RaftConsensus.cc:2962 in setElectionTimer() NOTICE[2:startNewElection]: Will become candidate in 12 s
2016-10-19 18:14:58.002176 Server/RaftConsensus.cc:2962 in setElectionTimer() NOTICE[2:startNewElection]: Will become candidate in 12 s
2016-10-19 18:15:10.002367 Server/RaftConsensus.cc:2962 in setElectionTimer() NOTICE[2:startNewElection]: Will become candidate in 12 s
2016-10-19 18:15:22.002865 Server/RaftConsensus.cc:2962 in setElectionTimer() NOTICE[2:startNewElection]: Will become candidate in 12 s
2016-10-19 18:15:33.698430 Server/ServerStats.cc:148 in dumpToDebugLog() NOTICE[2:StatsDumper]: jef-30 ServerStats:
server_id: 2
addresses: "127.0.0.1:5256"
start_at: 1476900933697947329
end_at: 1476900933697991171
raft {
  current_term: 0
  state: FOLLOWER
  commit_index: 0
  last_log_index: 0
  leader_id: 0
  voted_for: 0
  start_election_at: 1476900934002927496
  withhold_votes_until: -7746529206818130215
  cluster_time: 60000245378
  cluster_time_epoch: 0
  last_snapshot_index: 0
  last_snapshot_bytes: 0
  log_start_index: 1
  log_bytes: 1
  last_snapshot_term: 0
  last_snapshot_cluster_time: 0
  num_entries_truncated: 0
  peer {
    server_id: 2
    addresses: ""
    old_member: false
    new_member: false
    staging_member: false
  }
}
storage {
  num_segments: 1
  open_segment_bytes: 1
  metadata_version: 6
  metadata_write_nanos {
    average: 4294784
    count: 3
    ewma2: 5288134.5
    ewma4: 3791752.5
    exceptional_count: 0
    last: 8268186
    min: 2291133
    max: 8268186
    sum: 12884352
    stddev: 2809653.583949808
  }
  filesystem_ops_nanos {
    count: 0
    exceptional_count: 0
  }
}
state_machine {
  snapshotting: false
  last_applied: 0
  num_sessions: 0
  num_snapshots_attempted: 0
  num_snapshots_failed: 0
  num_redundant_advance_version_entries: 0
  num_rejected_advance_version_entries: 0
  num_successful_advance_version_entries: 0
  num_total_advance_version_entries: 0
  min_supported_version: 1
  max_supported_version: 2
  running_version: 1
  tree {
    num_conditions_checked: 0
    num_conditions_failed: 0
    num_make_directory_attempted: 0
    num_make_directory_success: 0
    num_list_directory_attempted: 0
    num_list_directory_success: 0
    num_remove_directory_attempted: 0
    num_remove_directory_parent_not_found: 0
    num_remove_directory_target_not_found: 0
    num_remove_directory_done: 0
    num_remove_directory_success: 0
    num_write_attempted: 0
    num_write_success: 0
    num_read_attempted: 0
    num_read_success: 0
    num_remove_file_attempted: 0
    num_remove_file_parent_not_found: 0
    num_remove_file_target_not_found: 0
    num_remove_file_done: 0
    num_remove_file_success: 0
  }
  num_unknown_requests: 0
  may_snapshot_at: -7746529206818130261
}

2016-10-19 18:15:34.003674 Server/RaftConsensus.cc:2962 in setElectionTimer() NOTICE[2:startNewElection]: Will become candidate in 12 s
2016-10-19 18:15:46.004759 Server/RaftConsensus.cc:2962 in setElectionTimer() NOTICE[2:startNewElection]: Will become candidate in 12 s
2016-10-19 18:15:58.005076 Server/RaftConsensus.cc:2962 in setElectionTimer() NOTICE[2:startNewElection]: Will become candidate in 12 s
2016-10-19 18:15:59.260049 Server/Globals.cc:47 in handleSignalEvent() NOTICE[2:evloop]: Terminated: shutting down
2016-10-19 18:15:59.260096 Server/ServerStats.cc:199 in statsDumperMain() NOTICE[2:StatsDumper]: Shutting down
2016-10-19 18:15:59.260172 Server/StateMachine.cc:108 in ~StateMachine() NOTICE[2:evloop]: Shutting down
2016-10-19 18:15:59.260179 Server/RaftConsensus.cc:1143 in exit() NOTICE[2:evloop]: Shutting down
2016-10-19 18:15:59.260204 Server/RaftConsensus.cc:2058 in stateMachineUpdaterThreadMain() NOTICE[2:StateMachineUpdater]: Exiting
2016-10-19 18:15:59.260345 Server/StateMachine.cc:415 in applyThreadMain() NOTICE[2:StateMachine]: exiting
2016-10-19 18:15:59.260384 Server/StateMachine.cc:117 in ~StateMachine() NOTICE[2:evloop]: Joined with threads
2016-10-19 18:15:59.260421 Server/RaftConsensus.cc:1034 in ~RaftConsensus() NOTICE[2:evloop]: Joined with disk and timer threads
2016-10-19 18:15:59.260436 Server/RaftConsensus.cc:1041 in ~RaftConsensus() NOTICE[2:evloop]: Peer threads have exited
2016-10-19 18:15:59.260440 Server/RaftConsensus.cc:1048 in ~RaftConsensus() NOTICE[2:evloop]: Completed disk writes
2016-10-19 18:15:59.260449 Storage/SegmentedLog.cc:468 in ~SegmentedLog() NOTICE[2:evloop]: Closing open segment
2016-10-19 18:15:59.260454 Storage/SegmentedLog.cc:1142 in closeSegment() NOTICE[2:evloop]: Removing empty open segment (start index 1): open-5
2016-10-19 18:15:59.263176 Storage/SegmentedLog.cc:479 in ~SegmentedLog() NOTICE[2:evloop]: Removing unused open segment: open-6
2016-10-19 18:15:59.263241 Storage/SegmentedLog.cc:479 in ~SegmentedLog() NOTICE[2:evloop]: Removing unused open segment: open-7
2016-10-19 18:15:59.263259 Storage/SegmentedLog.cc:479 in ~SegmentedLog() NOTICE[2:evloop]: Removing unused open segment: open-8
