2016-10-19 18:14:33.679131 Server/Main.cc:304 in main() NOTICE[23880:evloop]: jef-1 Using config file ./config/logcabin-0.conf
2016-10-19 18:14:33.679324 Server/Main.cc:344 in main() NOTICE[23880:evloop]: jef-2 Config file settings:
# begin config
electionTimeoutMilliseconds = 12000
listenAddresses = 127.0.0.1:5254
serverId = 0
# end config
2016-10-19 18:14:33.679450 Server/Globals.cc:178 in init() NOTICE[0:evloop]: jef-3 Serving on 127.0.0.1:5254 (resolved to 127.0.0.1:5254)
2016-10-19 18:14:33.679460 Server/RaftConsensus.cc:1061 in init() NOTICE[0:evloop]: jef-4 My server ID is 0
2016-10-19 18:14:33.701672 Server/RaftConsensus.cc:1073 in init() NOTICE[0:evloop]: jef-5 Reading the log
2016-10-19 18:14:33.703889 Storage/SegmentedLog.cc:904 in readMetadata() WARNING[0:evloop]: Error reading metadata from metadata1: Could not open storage/server0/log/Segmented-Binary/metadata1: No such file or directory
2016-10-19 18:14:33.703912 Storage/SegmentedLog.cc:904 in readMetadata() WARNING[0:evloop]: Error reading metadata from metadata2: Could not open storage/server0/log/Segmented-Binary/metadata2: No such file or directory
2016-10-19 18:14:33.703919 Storage/SegmentedLog.cc:779 in updateMetadata() NOTICE[0:evloop]: jef-7 Writing new storage metadata (version 1) to metadata1
2016-10-19 18:14:33.713487 Storage/SegmentedLog.cc:779 in updateMetadata() NOTICE[0:evloop]: jef-7 Writing new storage metadata (version 2) to metadata2
2016-10-19 18:14:33.719296 Server/RaftConsensus.cc:1098 in init() NOTICE[0:evloop]: jef-10 The log contains indexes 1 through 0 (inclusive)
2016-10-19 18:14:33.719326 Storage/SegmentedLog.cc:779 in updateMetadata() NOTICE[0:evloop]: jef-7 Writing new storage metadata (version 3) to metadata1
2016-10-19 18:14:33.721725 Server/RaftConsensus.cc:2751 in readSnapshot() NOTICE[0:evloop]: jef-11 Snapshot file not found in storage/server0/snapshot
2016-10-19 18:14:33.721772 Server/RaftConsensus.cc:1116 in init() NOTICE[0:evloop]: No configuration, waiting to receive one.
2016-10-19 18:14:33.721777 Server/RaftConsensus.cc:3041 in stepDown() NOTICE[0:evloop]: --- stepDown currentTerm:0, newTerm:0 ---
2016-10-19 18:14:33.721780 Server/RaftConsensus.cc:3059 in stepDown() NOTICE[0:evloop]: [JEFF] no update on currentTerm: 0
2016-10-19 18:14:33.747565 Server/EventInterceptor.cc:78 in commitEvent() NOTICE[0:evloop]: [Jef] mv /tmp/ipc/new/raftUpdate-0 /tmp/ipc/send/raftUpdate-0
2016-10-19 18:14:33.747620 Server/RaftConsensus.cc:2962 in setElectionTimer() NOTICE[0:evloop]: Will become candidate in 12 s
2016-10-19 18:14:33.747886 Server/RaftConsensus.cc:2987 in printElectionState() NOTICE[0:evloop]: jef-12 server=0, term=0, state=FOLLOWER,  leader=0, vote=0
2016-10-19 18:14:45.748734 Server/RaftConsensus.cc:2962 in setElectionTimer() NOTICE[0:startNewElection]: Will become candidate in 12 s
2016-10-19 18:14:57.752240 Server/RaftConsensus.cc:2962 in setElectionTimer() NOTICE[0:startNewElection]: Will become candidate in 12 s
2016-10-19 18:15:09.752484 Server/RaftConsensus.cc:2962 in setElectionTimer() NOTICE[0:startNewElection]: Will become candidate in 12 s
2016-10-19 18:15:21.752866 Server/RaftConsensus.cc:2962 in setElectionTimer() NOTICE[0:startNewElection]: Will become candidate in 12 s
2016-10-19 18:15:33.680061 Server/ServerStats.cc:148 in dumpToDebugLog() NOTICE[0:StatsDumper]: jef-30 ServerStats:
server_id: 0
addresses: "127.0.0.1:5254"
start_at: 1476900933679572175
end_at: 1476900933679610825
raft {
  current_term: 0
  state: FOLLOWER
  commit_index: 0
  last_log_index: 0
  leader_id: 0
  voted_for: 0
  start_election_at: 1476900933752928882
  withhold_votes_until: -7746529206818130196
  cluster_time: 60000246165
  cluster_time_epoch: 0
  last_snapshot_index: 0
  last_snapshot_bytes: 0
  log_start_index: 1
  log_bytes: 1
  last_snapshot_term: 0
  last_snapshot_cluster_time: 0
  num_entries_truncated: 0
  peer {
    server_id: 0
    addresses: ""
    old_member: false
    new_member: false
    staging_member: false
  }
}
storage {
  num_segments: 1
  open_segment_bytes: 1
  metadata_version: 3
  metadata_write_nanos {
    average: 4731650
    count: 3
    ewma2: 4122472.5
    ewma4: 6386920.875
    exceptional_count: 0
    last: 2294940
    min: 2294940
    max: 9551824
    sum: 14194950
    stddev: 3408447.0390326832
  }
  filesystem_ops_nanos {
    count: 0
    exceptional_count: 0
  }
}
state_machine {
  snapshotting: false
  last_applied: 0
  num_sessions: 0
  num_snapshots_attempted: 0
  num_snapshots_failed: 0
  num_redundant_advance_version_entries: 0
  num_rejected_advance_version_entries: 0
  num_successful_advance_version_entries: 0
  num_total_advance_version_entries: 0
  min_supported_version: 1
  max_supported_version: 2
  running_version: 1
  tree {
    num_conditions_checked: 0
    num_conditions_failed: 0
    num_make_directory_attempted: 0
    num_make_directory_success: 0
    num_list_directory_attempted: 0
    num_list_directory_success: 0
    num_remove_directory_attempted: 0
    num_remove_directory_parent_not_found: 0
    num_remove_directory_target_not_found: 0
    num_remove_directory_done: 0
    num_remove_directory_success: 0
    num_write_attempted: 0
    num_write_success: 0
    num_read_attempted: 0
    num_read_success: 0
    num_remove_file_attempted: 0
    num_remove_file_parent_not_found: 0
    num_remove_file_target_not_found: 0
    num_remove_file_done: 0
    num_remove_file_success: 0
  }
  num_unknown_requests: 0
  may_snapshot_at: -7746529206818130261
}

2016-10-19 18:15:33.753759 Server/RaftConsensus.cc:2962 in setElectionTimer() NOTICE[0:startNewElection]: Will become candidate in 12 s
2016-10-19 18:15:45.754170 Server/RaftConsensus.cc:2962 in setElectionTimer() NOTICE[0:startNewElection]: Will become candidate in 12 s
2016-10-19 18:15:50.462653 Server/Globals.cc:47 in handleSignalEvent() NOTICE[0:evloop]: Terminated: shutting down
2016-10-19 18:15:50.462701 Server/ServerStats.cc:199 in statsDumperMain() NOTICE[0:StatsDumper]: Shutting down
2016-10-19 18:15:50.462779 Server/StateMachine.cc:108 in ~StateMachine() NOTICE[0:evloop]: Shutting down
2016-10-19 18:15:50.462786 Server/RaftConsensus.cc:1143 in exit() NOTICE[0:evloop]: Shutting down
2016-10-19 18:15:50.462812 Server/RaftConsensus.cc:2058 in stateMachineUpdaterThreadMain() NOTICE[0:StateMachineUpdater]: Exiting
2016-10-19 18:15:50.462971 Server/StateMachine.cc:415 in applyThreadMain() NOTICE[0:StateMachine]: exiting
2016-10-19 18:15:50.463012 Server/StateMachine.cc:117 in ~StateMachine() NOTICE[0:evloop]: Joined with threads
2016-10-19 18:15:50.463049 Server/RaftConsensus.cc:1034 in ~RaftConsensus() NOTICE[0:evloop]: Joined with disk and timer threads
2016-10-19 18:15:50.463057 Server/RaftConsensus.cc:1041 in ~RaftConsensus() NOTICE[0:evloop]: Peer threads have exited
2016-10-19 18:15:50.463060 Server/RaftConsensus.cc:1048 in ~RaftConsensus() NOTICE[0:evloop]: Completed disk writes
2016-10-19 18:15:50.463071 Storage/SegmentedLog.cc:468 in ~SegmentedLog() NOTICE[0:evloop]: Closing open segment
2016-10-19 18:15:50.463076 Storage/SegmentedLog.cc:1142 in closeSegment() NOTICE[0:evloop]: Removing empty open segment (start index 1): open-1
2016-10-19 18:15:50.465648 Storage/SegmentedLog.cc:479 in ~SegmentedLog() NOTICE[0:evloop]: Removing unused open segment: open-2
2016-10-19 18:15:50.465715 Storage/SegmentedLog.cc:479 in ~SegmentedLog() NOTICE[0:evloop]: Removing unused open segment: open-3
2016-10-19 18:15:50.465738 Storage/SegmentedLog.cc:479 in ~SegmentedLog() NOTICE[0:evloop]: Removing unused open segment: open-4
